<?xml version="1.0" encoding="UTF-8"?>
<!-- Generated by org.testng.reporters.JUnitReportReporter -->
<testsuite hostname="DESKTOP-NV6E2NO" failures="0" tests="1" name="com.bridgelabz.selenium.FacebookVarifyUsingURL" time="15.177" errors="0" timestamp="21 Jul 2022 08:07:05 GMT" skipped="0">
  <testcase classname="com.bridgelabz.selenium.FacebookVarifyUsingURL" name="VarifyHomeUsingURL" time="15.177"/>
</testsuite> <!-- com.bridgelabz.selenium.FacebookVarifyUsingURL -->
