<?xml version="1.0" encoding="UTF-8"?>
<!-- Generated by org.testng.reporters.JUnitReportReporter -->
<testsuite hostname="DESKTOP-NV6E2NO" failures="0" tests="1" name="com.bridgelabz.selenium.InstaSelenium" time="26.943" errors="0" timestamp="17 Jul 2022 14:23:02 GMT" skipped="0">
  <testcase classname="com.bridgelabz.selenium.InstaSelenium" name="login_signUp_Insta" time="26.943"/>
</testsuite> <!-- com.bridgelabz.selenium.InstaSelenium -->
