<?xml version="1.0" encoding="UTF-8"?>
<!-- Generated by org.testng.reporters.JUnitReportReporter -->
<testsuite hostname="DESKTOP-NV6E2NO" failures="0" tests="1" name="com.bridgelabz.selenium.ActiTime" time="16.126" errors="0" timestamp="21 Jul 2022 09:07:26 GMT" skipped="0">
  <testcase classname="com.bridgelabz.selenium.ActiTime" name="login" time="16.126"/>
</testsuite> <!-- com.bridgelabz.selenium.ActiTime -->
