<?xml version="1.0" encoding="UTF-8"?>
<!-- Generated by org.testng.reporters.JUnitReportReporter -->
<testsuite hostname="DESKTOP-NV6E2NO" failures="0" tests="1" name="com.bridgelabz.selenium.LaunchBrowser" time="9.946" errors="0" timestamp="19 Jul 2022 05:24:57 GMT" skipped="0">
  <testcase classname="com.bridgelabz.selenium.LaunchBrowser" name="launch" time="9.946"/>
</testsuite> <!-- com.bridgelabz.selenium.LaunchBrowser -->
