<?xml version="1.0" encoding="UTF-8"?>
<!-- Generated by org.testng.reporters.JUnitReportReporter -->
<testsuite hostname="DESKTOP-NV6E2NO" failures="0" tests="1" name="com.bridgelabz.selenium.Robot_class" time="22.733" errors="0" timestamp="20 Jul 2022 02:57:04 GMT" skipped="0">
  <testcase classname="com.bridgelabz.selenium.Robot_class" name="mouseAndKeyboard" time="22.733"/>
</testsuite> <!-- com.bridgelabz.selenium.Robot_class -->
