<?xml version="1.0" encoding="UTF-8"?>
<!-- Generated by org.testng.reporters.JUnitReportReporter -->
<testsuite hostname="DESKTOP-NV6E2NO" failures="0" tests="1" name="com.bridgelabz.selenium.Facebook_Xpath" time="33.530" errors="0" timestamp="21 Jul 2022 03:17:32 GMT" skipped="0">
  <testcase classname="com.bridgelabz.selenium.Facebook_Xpath" name="CreateAccount" time="33.530"/>
</testsuite> <!-- com.bridgelabz.selenium.Facebook_Xpath -->
