<?xml version="1.0" encoding="UTF-8"?>
<!-- Generated by org.testng.reporters.JUnitReportReporter -->
<testsuite hostname="DESKTOP-NV6E2NO" failures="0" tests="1" name="com.bridgelabz.selenium.TextBox_AndRemoveValue" time="9.401" errors="0" timestamp="22 Jul 2022 09:14:32 GMT" skipped="0">
  <testcase classname="com.bridgelabz.selenium.TextBox_AndRemoveValue" name="getCssValue" time="9.401"/>
</testsuite> <!-- com.bridgelabz.selenium.TextBox_AndRemoveValue -->
