<?xml version="1.0" encoding="UTF-8"?>
<!-- Generated by org.testng.reporters.JUnitReportReporter -->
<testsuite hostname="DESKTOP-NV6E2NO" failures="0" tests="1" name="com.bridgelabz.selenium.JavascriptExe" time="12.611" errors="0" timestamp="22 Jul 2022 10:37:12 GMT" skipped="0">
  <testcase classname="com.bridgelabz.selenium.JavascriptExe" name="ScroolDownToBottomOfPage" time="12.611"/>
</testsuite> <!-- com.bridgelabz.selenium.JavascriptExe -->
