<?xml version="1.0" encoding="UTF-8"?>
<!-- Generated by org.testng.reporters.JUnitReportReporter -->
<testsuite hostname="DESKTOP-NV6E2NO" failures="0" tests="1" name="com.bridgelabz.selenium.WebElement_Interface_Methods" time="6.061" errors="0" timestamp="21 Jul 2022 09:06:53 GMT" skipped="0">
  <testcase classname="com.bridgelabz.selenium.WebElement_Interface_Methods" name="UsernameField_LessThan_MobNoField" time="6.061"/>
</testsuite> <!-- com.bridgelabz.selenium.WebElement_Interface_Methods -->
