<?xml version="1.0" encoding="UTF-8"?>
<!-- Generated by org.testng.reporters.JUnitReportReporter -->
<testsuite hostname="DESKTOP-NV6E2NO" failures="0" tests="1" name="com.bridgelabz.selenium.FacebookLogin" time="29.662" errors="0" timestamp="21 Jul 2022 05:07:26 GMT" skipped="0">
  <testcase classname="com.bridgelabz.selenium.FacebookLogin" name="CreateAccount" time="29.662"/>
</testsuite> <!-- com.bridgelabz.selenium.FacebookLogin -->
