<?xml version="1.0" encoding="UTF-8"?>
<!-- Generated by org.testng.reporters.JUnitReportReporter -->
<testsuite hostname="DESKTOP-NV6E2NO" failures="0" tests="1" name="com.bridgelabz.selenium.Screenshot" time="10.603" errors="0" timestamp="20 Jul 2022 03:03:24 GMT" skipped="0">
  <testcase classname="com.bridgelabz.selenium.Screenshot" name="screenShot" time="10.603"/>
</testsuite> <!-- com.bridgelabz.selenium.Screenshot -->
